Arguments: 
  C:\Program Files\nodejs\node.exe C:\Program Files (x86)\Yarn\bin\yarn.js start

PATH: 
  C:\Program Files (x86)\Common Files\Oracle\Java\javapath;C:\Program Files (x86)\Intel\iCLS Client\;C:\Program Files\Intel\iCLS Client\;C:\WINDOWS\system32;C:\WINDOWS;C:\WINDOWS\System32\Wbem;C:\WINDOWS\System32\WindowsPowerShell\v1.0\;C:\WINDOWS\System32\OpenSSH\;C:\Program Files (x86)\Intel\Intel(R) Management Engine Components\DAL;C:\Program Files\Intel\Intel(R) Management Engine Components\DAL;C:\Program Files (x86)\Intel\Intel(R) Management Engine Components\IPT;C:\Program Files\Intel\Intel(R) Management Engine Components\IPT;C:\Program Files\dotnet\;C:\Program Files\Microsoft SQL Server\130\Tools\Binn\;C:\Program Files\Git\cmd;C:\Program Files\Microsoft SQL Server\Client SDK\ODBC\130\Tools\Binn\;C:\Program Files (x86)\Microsoft SQL Server\140\Tools\Binn\;C:\Program Files\Microsoft SQL Server\140\Tools\Binn\;C:\Program Files\Microsoft SQL Server\140\DTS\Binn\;C:\Program Files (x86)\Yarn\bin\;C:\Users\Usuario\AppData\Local\Android\Sdk\platform-tools;C:\Program Files (x86)\Java\jdk1.8.0_221;C:\Program Files\erl10.3\bin;C:\Program Files (x86)\Elixir\bin;C:\WINDOWS\system32\config\systemprofile\.mix\escripts;C:\Users\Usuario\AppData\Roaming\nvm;C:\Program Files\nodejs;C:\Program Files (x86)\Microsoft Visual Studio\2019\Community\VC\Tools\MSVC\14.24.28314\bin\Hostx64\x64\nmake.exe;C:\Program Files\nodejs\;C:\Go\bin;C:\src\flutter_windows_v1.12.13+hotfix.9-stable\flutter\bin;C:\android\commandlinetools-win-6200805_latest\tools\bin;C:\Ruby26-x64\bin;C:\Users\Usuario\AppData\Local\Programs\Python\Python37-32\Scripts\;C:\Users\Usuario\AppData\Local\Programs\Python\Python37-32\;C:\Users\Usuario\AppData\Local\Microsoft\WindowsApps;C:\Users\Usuario\AppData\Local\Programs\Microsoft VS Code\bin;C:\Program Files\heroku\bin;C:\Users\Usuario\.dotnet\tools;C:\Program Files\MongoDB\Server\4.2\bin;C:\Users\Usuario\AppData\Local\Yarn\bin;C:\Users\Usuario\AppData\Local\Android\Sdk\platform-tools;C:\Program Files (x86)\Java\jdk1.8.0_221;C:\Users\Usuario\AppData\Local\Microsoft\WindowsApps;C:\Users\Usuario\AppData\Roaming\nvm;C:\Program Files\nodejs;C:\Users\Usuario\AppData\Local\atom\bin;C:\Program Files (x86)\Microsoft Visual Studio\2019\Community\VC\Tools\MSVC\14.24.28314\bin\Hostx64\x64\nmake.exe;C:\Users\Usuario\AppData\Roaming\npm;C:\Users\Usuario\.deno\bin;C:\Users\Usuario\go\bin;C:\Program Files\Docker Toolbox;C:\Program Files\Salesforce CLI\bin;C:\src\flutter_windows_v1.12.13+hotfix.9-stable\flutter\bin;C:\android\commandlinetools-win-6200805_latest\tools\bin;

Yarn version: 
  1.17.3

Node version: 
  12.14.1

Platform: 
  win32 x64

Trace: 
  SyntaxError: C:\Users\Usuario\Documents\koajs\backend\package.json: Unexpected string in JSON at position 882
      at JSON.parse (<anonymous>)
      at C:\Program Files (x86)\Yarn\lib\cli.js:1625:59
      at Generator.next (<anonymous>)
      at step (C:\Program Files (x86)\Yarn\lib\cli.js:304:30)
      at C:\Program Files (x86)\Yarn\lib\cli.js:315:13

npm manifest: 
  {
     "name": "MyProject",
     "version": "0.0.1",
     "description": "Awesome project developed with TypeORM.",
     "devDependencies": {
        "@types/node": "^8.10.59",
        "nodemon": "^2.0.3",
        "ts-node": "^3.3.0",
        "typescript": "3.3.3333"
     },
     "dependencies": {
        "@koa/cors": "^3.0.0",
        "@koa/router": "^8.0.8",
        "bcrypt": "^4.0.1",
        "dotenv": "^8.2.0",
        "jsonwebtoken": "^8.5.1",
        "koa": "^2.11.0",
        "koa-bodyparser": "^4.3.0",
        "koa-passport": "^4.1.3",
        "koa-session": "^5.13.1",
        "lodash": "^4.17.15",
        "passport": "^0.4.1",
        "passport-local": "^1.0.0",
        "pg": "^7.18.2",
        "reflect-metadata": "^0.1.10",
        "socket.io": "^2.3.0",
        "typeorm": "^0.2.24"
     },
     "scripts": {
        "start": "nodemon --watch 'src/**/*.ts' --ignore 'src/**/*.spec.ts' --exec ts-node src/index.ts"
        "build": "tsc -p .",
        "build:live": "nodemon --watch '*.ts' --exec ts-node index.ts"
     }
  }

yarn manifest: 
  No manifest

Lockfile: 
  No lockfile
